Recetas/app/build/intermediates/manifest_merge_blame_file/debug/manifest-merger-blame-debug-report.txt
1<?xml version="1.0" encoding="utf-8"?>
2<manifest xmlns:android="http://schemas.android.com/apk/res/android"
3    package="com.example.recetas"
4    android:versionCode="1"
5    android:versionName="1.0" >
6
7    <uses-sdk
8        android:minSdkVersion="15"
8-->src\main\AndroidManifest.xml
9        android:targetSdkVersion="29" />
9-->src\main\AndroidManifest.xml
10
11    <uses-permission android:name="android.permission.INTERNET" />
11-->src\main\AndroidManifest.xml:5:5-67
11-->src\main\AndroidManifest.xml:5:22-64
12
13    <application
13-->src\main\AndroidManifest.xml:7:5-58:19
14        android:allowBackup="true"
14-->src\main\AndroidManifest.xml:8:9-35
15        android:appComponentFactory="androidx.core.app.CoreComponentFactory"
15-->[androidx.core:core:1.0.1] AndroidManifest.xml:22:18-86
16        android:debuggable="true"
17        android:icon="@drawable/logo"
17-->src\main\AndroidManifest.xml:9:9-38
18        android:label="@string/app_name"
18-->src\main\AndroidManifest.xml:10:9-41
19        android:roundIcon="@drawable/logo"
19-->src\main\AndroidManifest.xml:11:9-43
20        android:supportsRtl="true"
20-->src\main\AndroidManifest.xml:12:9-35
21        android:theme="@style/Theme.AppCompat.DayNight.NoActionBar" >
21-->src\main\AndroidManifest.xml:13:9-68
22        <activity android:name="com.example.recetas.GuiadaHCocidos2" />
22-->src\main\AndroidManifest.xml:14:9-62
22-->src\main\AndroidManifest.xml:14:19-50
23        <activity android:name="com.example.recetas.GuiadaHCocidos1" />
23-->src\main\AndroidManifest.xml:15:9-53
23-->src\main\AndroidManifest.xml:15:19-50
24        <activity android:name="com.example.recetas.HuevosCocidos" />
24-->src\main\AndroidManifest.xml:16:9-51
24-->src\main\AndroidManifest.xml:16:19-48
25        <activity android:name="com.example.recetas.GuiadaHNormalCuatro" />
25-->src\main\AndroidManifest.xml:17:9-57
25-->src\main\AndroidManifest.xml:17:19-54
26        <activity android:name="com.example.recetas.GuiadaHNormalTres" />
26-->src\main\AndroidManifest.xml:18:9-55
26-->src\main\AndroidManifest.xml:18:19-52
27        <activity android:name="com.example.recetas.GuiadaHNormalDos" />
27-->src\main\AndroidManifest.xml:19:9-54
27-->src\main\AndroidManifest.xml:19:19-51
28        <activity android:name="com.example.recetas.GuiadaHNormalUno" />
28-->src\main\AndroidManifest.xml:20:9-54
28-->src\main\AndroidManifest.xml:20:19-51
29        <activity android:name="com.example.recetas.HamburguesaNormal" />
29-->src\main\AndroidManifest.xml:21:9-55
29-->src\main\AndroidManifest.xml:21:19-52
30        <activity android:name="com.example.recetas.GuiadaArrozcuCuatro" />
30-->src\main\AndroidManifest.xml:22:9-57
30-->src\main\AndroidManifest.xml:22:19-54
31        <activity android:name="com.example.recetas.GuiadaArrozcuTres" />
31-->src\main\AndroidManifest.xml:23:9-55
31-->src\main\AndroidManifest.xml:23:19-52
32        <activity android:name="com.example.recetas.GuiadaArrozcuDos" />
32-->src\main\AndroidManifest.xml:24:9-54
32-->src\main\AndroidManifest.xml:24:19-51
33        <activity android:name="com.example.recetas.GuiadaArrozcuUno" />
33-->src\main\AndroidManifest.xml:25:9-54
33-->src\main\AndroidManifest.xml:25:19-51
34        <activity android:name="com.example.recetas.ArrozCubana" />
34-->src\main\AndroidManifest.xml:26:9-49
34-->src\main\AndroidManifest.xml:26:19-46
35        <activity android:name="com.example.recetas.PechugaPlancha" />
35-->src\main\AndroidManifest.xml:27:9-52
35-->src\main\AndroidManifest.xml:27:19-49
36        <activity android:name="com.example.recetas.Guiada_pplancha" />
36-->src\main\AndroidManifest.xml:28:9-53
36-->src\main\AndroidManifest.xml:28:19-50
37        <activity android:name="com.example.recetas.Verduras" />
37-->src\main\AndroidManifest.xml:29:9-46
37-->src\main\AndroidManifest.xml:29:19-43
38        <activity android:name="com.example.recetas.Pescados" />
38-->src\main\AndroidManifest.xml:30:9-46
38-->src\main\AndroidManifest.xml:30:19-43
39        <activity android:name="com.example.recetas.Huevos" />
39-->src\main\AndroidManifest.xml:31:9-44
39-->src\main\AndroidManifest.xml:31:19-41
40        <activity android:name="com.example.recetas.Hamburguesas" />
40-->src\main\AndroidManifest.xml:32:9-50
40-->src\main\AndroidManifest.xml:32:19-47
41        <activity android:name="com.example.recetas.Aves" />
41-->src\main\AndroidManifest.xml:33:9-42
41-->src\main\AndroidManifest.xml:33:19-39
42        <activity android:name="com.example.recetas.ArrocesPastas" />
42-->src\main\AndroidManifest.xml:34:9-51
42-->src\main\AndroidManifest.xml:34:19-48
43        <activity android:name="com.example.recetas.GuiadaPuerroCuatro" />
43-->src\main\AndroidManifest.xml:35:9-56
43-->src\main\AndroidManifest.xml:35:19-53
44        <activity android:name="com.example.recetas.GuiadaPuerroTres" />
44-->src\main\AndroidManifest.xml:36:9-54
44-->src\main\AndroidManifest.xml:36:19-51
45        <activity android:name="com.example.recetas.GuiadaPuerroDos" />
45-->src\main\AndroidManifest.xml:37:9-53
45-->src\main\AndroidManifest.xml:37:19-50
46        <activity android:name="com.example.recetas.CremaDePuerro" />
46-->src\main\AndroidManifest.xml:38:9-51
46-->src\main\AndroidManifest.xml:38:19-48
47        <activity android:name="com.example.recetas.GuiadaPuerroUno" />
47-->src\main\AndroidManifest.xml:39:9-53
47-->src\main\AndroidManifest.xml:39:19-50
48        <activity android:name="com.example.recetas.registrarse" />
48-->src\main\AndroidManifest.xml:40:9-49
48-->src\main\AndroidManifest.xml:40:19-46
49        <activity android:name="com.example.recetas.GuiadaTortillaSiete" />
49-->src\main\AndroidManifest.xml:41:9-57
49-->src\main\AndroidManifest.xml:41:19-54
50        <activity android:name="com.example.recetas.GuiadaTortillaSeis" />
50-->src\main\AndroidManifest.xml:42:9-56
50-->src\main\AndroidManifest.xml:42:19-53
51        <activity android:name="com.example.recetas.GuiadaTortillaTrucos" />
51-->src\main\AndroidManifest.xml:43:9-58
51-->src\main\AndroidManifest.xml:43:19-55
52        <activity android:name="com.example.recetas.GuiadaTortillaCinco" />
52-->src\main\AndroidManifest.xml:44:9-57
52-->src\main\AndroidManifest.xml:44:19-54
53        <activity android:name="com.example.recetas.GuiadaTortillaCuatro" />
53-->src\main\AndroidManifest.xml:45:9-58
53-->src\main\AndroidManifest.xml:45:19-55
54        <activity android:name="com.example.recetas.GuiadaTortillaTres" />
54-->src\main\AndroidManifest.xml:46:9-56
54-->src\main\AndroidManifest.xml:46:19-53
55        <activity android:name="com.example.recetas.GuiadaTortillaDos" />
55-->src\main\AndroidManifest.xml:47:9-55
55-->src\main\AndroidManifest.xml:47:19-52
56        <activity android:name="com.example.recetas.GuiadaTortillaUno" />
56-->src\main\AndroidManifest.xml:48:9-55
56-->src\main\AndroidManifest.xml:48:19-52
57        <activity android:name="com.example.recetas.TortillaDePatatas" />
57-->src\main\AndroidManifest.xml:49:9-55
57-->src\main\AndroidManifest.xml:49:19-52
58        <activity android:name="com.example.recetas.Principal" />
58-->src\main\AndroidManifest.xml:50:9-47
58-->src\main\AndroidManifest.xml:50:19-44
59        <activity android:name="com.example.recetas.LoginActivity" >
59-->src\main\AndroidManifest.xml:51:9-57:20
59-->src\main\AndroidManifest.xml:51:19-48
60            <intent-filter>
60-->src\main\AndroidManifest.xml:52:13-56:29
61                <action android:name="android.intent.action.MAIN" />
61-->src\main\AndroidManifest.xml:53:17-69
61-->src\main\AndroidManifest.xml:53:25-66
62
63                <category android:name="android.intent.category.LAUNCHER" />
63-->src\main\AndroidManifest.xml:55:17-77
63-->src\main\AndroidManifest.xml:55:27-74
64            </intent-filter>
65        </activity>
66        <activity
66-->[com.google.firebase:firebase-auth:16.0.5] AndroidManifest.xml:24:9-31:50
67            android:name="com.google.firebase.auth.internal.FederatedSignInActivity"
67-->[com.google.firebase:firebase-auth:16.0.5] AndroidManifest.xml:25:13-85
68            android:excludeFromRecents="true"
68-->[com.google.firebase:firebase-auth:16.0.5] AndroidManifest.xml:26:13-46
69            android:exported="true"
69-->[com.google.firebase:firebase-auth:16.0.5] AndroidManifest.xml:27:13-36
70            android:launchMode="singleTask"
70-->[com.google.firebase:firebase-auth:16.0.5] AndroidManifest.xml:28:13-44
71            android:permission="com.google.firebase.auth.api.gms.permission.LAUNCH_FEDERATED_SIGN_IN"
71-->[com.google.firebase:firebase-auth:16.0.5] AndroidManifest.xml:29:13-102
72            android:theme="@android:style/Theme.Translucent.NoTitleBar" />
72-->[com.google.firebase:firebase-auth:16.0.5] AndroidManifest.xml:30:13-72
73
74        <service
74-->[com.google.firebase:firebase-auth:16.0.5] AndroidManifest.xml:33:9-39:19
75            android:name="com.google.firebase.components.ComponentDiscoveryService"
75-->[com.google.firebase:firebase-auth:16.0.5] AndroidManifest.xml:34:13-84
76            android:exported="false" >
76-->[com.google.firebase:firebase-auth:16.0.5] AndroidManifest.xml:35:13-37
77            <meta-data
77-->[com.google.firebase:firebase-auth:16.0.5] AndroidManifest.xml:36:13-38:85
78                android:name="com.google.firebase.components:com.google.firebase.auth.FirebaseAuthRegistrar"
78-->[com.google.firebase:firebase-auth:16.0.5] AndroidManifest.xml:37:17-109
79                android:value="com.google.firebase.components.ComponentRegistrar" />
79-->[com.google.firebase:firebase-auth:16.0.5] AndroidManifest.xml:38:17-82
80        </service>
81
82        <activity
82-->[com.google.android.gms:play-services-base:16.0.1] AndroidManifest.xml:23:9-26:75
83            android:name="com.google.android.gms.common.api.GoogleApiActivity"
83-->[com.google.android.gms:play-services-base:16.0.1] AndroidManifest.xml:24:13-79
84            android:exported="false"
84-->[com.google.android.gms:play-services-base:16.0.1] AndroidManifest.xml:25:13-37
85            android:theme="@android:style/Theme.Translucent.NoTitleBar" />
85-->[com.google.android.gms:play-services-base:16.0.1] AndroidManifest.xml:26:13-72
86
87        <provider
87-->[com.google.firebase:firebase-common:16.0.3] AndroidManifest.xml:10:9-14:39
88            android:name="com.google.firebase.provider.FirebaseInitProvider"
88-->[com.google.firebase:firebase-common:16.0.3] AndroidManifest.xml:11:13-77
89            android:authorities="com.example.recetas.firebaseinitprovider"
89-->[com.google.firebase:firebase-common:16.0.3] AndroidManifest.xml:12:13-72
90            android:exported="false"
90-->[com.google.firebase:firebase-common:16.0.3] AndroidManifest.xml:13:13-37
91            android:initOrder="100" />
91-->[com.google.firebase:firebase-common:16.0.3] AndroidManifest.xml:14:13-36
92
93        <meta-data
93-->[com.google.android.gms:play-services-basement:16.1.0] AndroidManifest.xml:23:9-25:69
94            android:name="com.google.android.gms.version"
94-->[com.google.android.gms:play-services-basement:16.1.0] AndroidManifest.xml:24:13-58
95            android:value="@integer/google_play_services_version" />
95-->[com.google.android.gms:play-services-basement:16.1.0] AndroidManifest.xml:25:13-66
96    </application>
97
98</manifest>